<?xml version="1.0" encoding="UTF-8"?>
<testng-results skipped="0" failed="0" total="1" passed="1">
  <reporter-output>
  </reporter-output>
  <suite name="Default suite" duration-ms="49418" started-at="2018-11-19T07:59:57Z" finished-at="2018-11-19T08:00:46Z">
    <groups>
    </groups>
    <test name="Default test" duration-ms="49418" started-at="2018-11-19T07:59:57Z" finished-at="2018-11-19T08:00:46Z">
      <class name="com.tas.androiddemo.TestNG_1">
        <test-method status="PASS" signature="beforeClass()[pri:0, instance:com.tas.androiddemo.TestNG_1@91161c7]" name="beforeClass" is-config="true" duration-ms="20311" started-at="2018-11-19T01:59:57Z" finished-at="2018-11-19T02:00:17Z">
          <reporter-output>
          </reporter-output>
        </test-method> <!-- beforeClass -->
        <test-method status="PASS" signature="testAppRun()[pri:0, instance:com.tas.androiddemo.TestNG_1@91161c7]" name="testAppRun" duration-ms="21403" started-at="2018-11-19T02:00:17Z" finished-at="2018-11-19T02:00:38Z">
          <reporter-output>
          </reporter-output>
        </test-method> <!-- testAppRun -->
        <test-method status="PASS" signature="afterClass()[pri:0, instance:com.tas.androiddemo.TestNG_1@91161c7]" name="afterClass" is-config="true" duration-ms="7692" started-at="2018-11-19T02:00:38Z" finished-at="2018-11-19T02:00:46Z">
          <reporter-output>
          </reporter-output>
        </test-method> <!-- afterClass -->
      </class> <!-- com.tas.androiddemo.TestNG_1 -->
    </test> <!-- Default test -->
  </suite> <!-- Default suite -->
</testng-results>
